<?xml version="1.0" encoding="UTF-8"?>
<!-- Generated by org.testng.reporters.JUnitReportReporter -->
<testsuite hostname="LAPTOP-4QFJKR4E" failures="0" tests="3" name="test.tricentis.order.BuyingCheapComputerTest" time="85.799" errors="0" timestamp="2023-01-17T11:44:05 ICT" skipped="0">
  <testcase classname="test.tricentis.order.BuyingCheapComputerTest" name="testCheapComputerBuying" time="18.852"/>
  <system-out/>
  <testcase classname="test.tricentis.order.BuyingCheapComputerTest" name="testCheapComputerBuying" time="19.668"/>
  <system-out/>
  <testcase classname="test.tricentis.order.BuyingCheapComputerTest" name="testCheapComputerBuying" time="47.279"/>
  <system-out/>
</testsuite> <!-- test.tricentis.order.BuyingCheapComputerTest -->
