<?xml version="1.0" encoding="UTF-8"?>
<!-- Generated by org.testng.reporters.JUnitReportReporter -->
<testsuite hostname="LAPTOP-4QFJKR4E" failures="0" tests="3" name="test.tricentis.order.BuyingStandardComputerTest" time="57.951" errors="0" timestamp="2023-01-17T11:44:05 ICT" skipped="0">
  <testcase classname="test.tricentis.order.BuyingStandardComputerTest" name="testStandardComputerBuying" time="19.261"/>
  <system-out/>
  <testcase classname="test.tricentis.order.BuyingStandardComputerTest" name="testStandardComputerBuying" time="19.101"/>
  <system-out/>
  <testcase classname="test.tricentis.order.BuyingStandardComputerTest" name="testStandardComputerBuying" time="19.589"/>
  <system-out/>
</testsuite> <!-- test.tricentis.order.BuyingStandardComputerTest -->
