<?xml version="1.0" encoding="UTF-8"?>
<!-- Generated by org.testng.reporters.JUnitReportReporter -->
<testsuite hostname="LAPTOP-4QFJKR4E" failures="0" tests="3" name="test.tricentis.footer.FooterTest" time="10.876" errors="0" timestamp="2023-01-17T23:23:53 ICT" skipped="0">
  <testcase classname="test.tricentis.footer.FooterTest" name="testFooterHomePage" time="0.022"/>
  <system-out/>
  <testcase classname="test.tricentis.footer.FooterTest" name="testFooterCategoryPage" time="10.838"/>
  <system-out/>
  <testcase classname="test.tricentis.footer.FooterTest" name="testFooterLoginPage" time="0.016"/>
  <system-out/>
</testsuite> <!-- test.tricentis.footer.FooterTest -->
