<?xml version="1.0" encoding="UTF-8"?>
<!-- Generated by org.testng.reporters.JUnitReportReporter -->
<testsuite hostname="LAPTOP-4QFJKR4E" failures="0" tests="3" name="test.tricentis.order.BuyingCheapComputerTest" time="103.325" errors="0" timestamp="2023-01-17T23:23:53 ICT" skipped="0">
  <testcase classname="test.tricentis.order.BuyingCheapComputerTest" name="testCheapComputerBuying" time="26.919"/>
  <system-out/>
  <testcase classname="test.tricentis.order.BuyingCheapComputerTest" name="testCheapComputerBuying" time="26.095"/>
  <system-out/>
  <testcase classname="test.tricentis.order.BuyingCheapComputerTest" name="testCheapComputerBuying" time="50.311"/>
  <system-out/>
</testsuite> <!-- test.tricentis.order.BuyingCheapComputerTest -->
