<?xml version="1.0" encoding="UTF-8"?>
<!-- Generated by org.testng.reporters.JUnitReportReporter -->
<testsuite hostname="LAPTOP-4QFJKR4E" failures="0" tests="3" name="test.tricentis.order.BuyingStandardComputerTest" time="74.030" errors="0" timestamp="2023-01-17T23:23:53 ICT" skipped="0">
  <testcase classname="test.tricentis.order.BuyingStandardComputerTest" name="testStandardComputerBuying" time="24.667"/>
  <system-out/>
  <testcase classname="test.tricentis.order.BuyingStandardComputerTest" name="testStandardComputerBuying" time="24.926"/>
  <system-out/>
  <testcase classname="test.tricentis.order.BuyingStandardComputerTest" name="testStandardComputerBuying" time="24.437"/>
  <system-out/>
</testsuite> <!-- test.tricentis.order.BuyingStandardComputerTest -->
